[2026-02-25 21:05:02] [INFO] [TestModule] - 这是一条 INFO 信息：例如 '导航模块初始化成功'。
[2026-02-25 21:05:02] [WARNING] [TestModule] - 这是一条 WARNING 信息：例如 '卫星数量降至 3 颗，信号弱'。
[2026-02-25 21:05:02] [ERROR] [TestModule] - 这是一条 ERROR 信息：例如 '串口意外断开！'。
[2026-02-25 21:05:02] [CRITICAL] [TestModule] - 这是一条 CRITICAL 信息：例如 '视觉模块宕机，立刻停止导航！'。
[2026-02-25 21:16:43] [INFO] [__main__] - 系统配置文件加载成功
[2026-02-25 21:24:29] [INFO] [config.config_loader] - 系统配置文件加载成功
[2026-02-25 21:24:29] [ERROR] [__main__] - 无法打开串口 /dev/ttyUSB0
[2026-02-25 21:33:20] [ERROR] [__main__] - 读取 Mock 数据失败: name 'mock_file_name' is not defined
[2026-02-25 21:33:21] [INFO] [__main__] - [Mock模式] 虚拟串口已关闭
[2026-02-25 21:37:41] [INFO] [__main__] - [Mock模式] 成功加载回放数据: nmea_sample.txt，共 11 行
[2026-02-25 21:37:42] [INFO] [__main__] - [Mock模式] 虚拟串口已关闭
[2026-02-25 21:52:40] [INFO] [sensors.gnss.mock_reader] - [Mock模式] 成功加载回放数据: nmea_sample.txt，共 11 行
[2026-02-25 21:52:41] [WARNING] [sensors.gnss.mock_reader] -  [Mock模式] 文件已读完，重新循环播放数据...
[2026-02-25 21:52:42] [INFO] [sensors.gnss.mock_reader] - [Mock模式] 虚拟串口已关闭
[2026-03-08 09:22:53] [INFO] [Main] - 导航模块启动中...
[2026-03-08 09:22:53] [INFO] [core.nav_controller] - 初始化核心控制器...
[2026-03-08 09:22:53] [INFO] [sensors.gnss.mock_reader] - [Mock模式] 成功加载回放数据: nmea_sample.txt，共 11 行
[2026-03-08 09:22:53] [INFO] [core.nav_controller] - 开始处理 GPS 数据流
[2026-03-08 09:22:53] [INFO] [algo.fusion.linear_kalman] - 卡尔曼滤波器已初始化: 投影原点 (8.565254, 47.285240)
[2026-03-08 09:22:53] [INFO] [core.nav_controller] - [定位输出] 高德坐标: (8.565254, 47.285240) | 速度: 0.01 km/h | 航向: 77.52°
[2026-03-08 09:22:54] [WARNING] [sensors.gnss.mock_reader] -  [Mock模式] 文件已读完，重新循环播放数据...
[2026-03-08 09:22:55] [INFO] [core.nav_controller] - [定位输出] 高德坐标: (8.565254, 47.285240) | 速度: 0.01 km/h | 航向: 77.52°
[2026-03-08 09:22:57] [WARNING] [sensors.gnss.mock_reader] -  [Mock模式] 文件已读完，重新循环播放数据...
[2026-03-08 09:22:58] [INFO] [core.nav_controller] - [定位输出] 高德坐标: (8.565254, 47.285240) | 速度: 0.01 km/h | 航向: 77.52°
[2026-03-08 09:22:59] [WARNING] [sensors.gnss.mock_reader] -  [Mock模式] 文件已读完，重新循环播放数据...
[2026-03-08 09:23:00] [INFO] [core.nav_controller] - [定位输出] 高德坐标: (8.565254, 47.285240) | 速度: 0.01 km/h | 航向: 77.52°
[2026-03-08 09:23:01] [WARNING] [sensors.gnss.mock_reader] -  [Mock模式] 文件已读完，重新循环播放数据...
[2026-03-08 09:23:02] [INFO] [core.nav_controller] - [定位输出] 高德坐标: (8.565254, 47.285240) | 速度: 0.01 km/h | 航向: 77.52°
[2026-03-08 09:23:03] [WARNING] [sensors.gnss.mock_reader] -  [Mock模式] 文件已读完，重新循环播放数据...
[2026-03-08 09:23:04] [INFO] [core.nav_controller] - [定位输出] 高德坐标: (8.565254, 47.285240) | 速度: 0.01 km/h | 航向: 77.52°
[2026-03-08 09:23:05] [WARNING] [Main] - 手动退出
[2026-03-08 09:23:05] [INFO] [sensors.gnss.mock_reader] - [Mock模式] 虚拟串口已关闭
[2026-03-08 09:23:05] [INFO] [core.nav_controller] - 控制器已安全释放资源
[2026-03-08 09:26:49] [INFO] [Main] - 导航模块启动中...
[2026-03-08 09:26:49] [INFO] [core.nav_controller] - 初始化核心控制器...
[2026-03-08 09:26:49] [INFO] [sensors.gnss.mock_reader] - [Mock模式] 成功加载回放数据: nmea_sample.txt，共 11 行
[2026-03-08 09:26:49] [INFO] [core.nav_controller] - 开始处理 GPS 数据流
[2026-03-08 09:26:49] [INFO] [algo.fusion.linear_kalman] - 卡尔曼滤波器已初始化: 投影原点 (8.565254, 47.285240)
[2026-03-08 09:26:49] [INFO] [core.nav_controller] - [定位输出] 高德坐标: (8.565254, 47.285240) | 速度: 0.01 km/h | 航向: 77.52°
[2026-03-08 09:26:51] [WARNING] [sensors.gnss.mock_reader] -  [Mock模式] 文件已读完，重新循环播放数据...
[2026-03-08 09:26:52] [INFO] [core.nav_controller] - [定位输出] 高德坐标: (8.565254, 47.285240) | 速度: 0.01 km/h | 航向: 77.52°
[2026-03-08 09:26:53] [WARNING] [sensors.gnss.mock_reader] -  [Mock模式] 文件已读完，重新循环播放数据...
[2026-03-08 09:26:54] [INFO] [core.nav_controller] - [定位输出] 高德坐标: (8.565254, 47.285240) | 速度: 0.01 km/h | 航向: 77.52°
[2026-03-08 09:26:55] [WARNING] [sensors.gnss.mock_reader] -  [Mock模式] 文件已读完，重新循环播放数据...
[2026-03-08 09:26:56] [INFO] [core.nav_controller] - [定位输出] 高德坐标: (8.565254, 47.285240) | 速度: 0.01 km/h | 航向: 77.52°
[2026-03-08 09:26:57] [WARNING] [sensors.gnss.mock_reader] -  [Mock模式] 文件已读完，重新循环播放数据...
[2026-03-08 09:26:58] [INFO] [core.nav_controller] - [定位输出] 高德坐标: (8.565254, 47.285240) | 速度: 0.01 km/h | 航向: 77.52°
[2026-03-08 09:26:59] [WARNING] [sensors.gnss.mock_reader] -  [Mock模式] 文件已读完，重新循环播放数据...
[2026-03-08 09:27:01] [INFO] [core.nav_controller] - [定位输出] 高德坐标: (8.565254, 47.285240) | 速度: 0.01 km/h | 航向: 77.52°
[2026-03-08 09:27:02] [WARNING] [sensors.gnss.mock_reader] -  [Mock模式] 文件已读完，重新循环播放数据...
[2026-03-08 09:27:03] [INFO] [core.nav_controller] - [定位输出] 高德坐标: (8.565254, 47.285240) | 速度: 0.01 km/h | 航向: 77.52°
[2026-03-08 09:27:04] [WARNING] [sensors.gnss.mock_reader] -  [Mock模式] 文件已读完，重新循环播放数据...
[2026-03-08 09:27:05] [INFO] [core.nav_controller] - [定位输出] 高德坐标: (8.565254, 47.285240) | 速度: 0.01 km/h | 航向: 77.52°
[2026-03-08 09:27:06] [WARNING] [sensors.gnss.mock_reader] -  [Mock模式] 文件已读完，重新循环播放数据...
[2026-03-08 09:27:07] [INFO] [core.nav_controller] - [定位输出] 高德坐标: (8.565254, 47.285240) | 速度: 0.01 km/h | 航向: 77.52°
[2026-03-08 09:27:08] [WARNING] [sensors.gnss.mock_reader] -  [Mock模式] 文件已读完，重新循环播放数据...
[2026-03-08 09:27:09] [INFO] [core.nav_controller] - [定位输出] 高德坐标: (8.565254, 47.285240) | 速度: 0.01 km/h | 航向: 77.52°
[2026-03-08 09:27:11] [WARNING] [sensors.gnss.mock_reader] -  [Mock模式] 文件已读完，重新循环播放数据...
[2026-03-08 09:27:12] [INFO] [core.nav_controller] - [定位输出] 高德坐标: (8.565254, 47.285240) | 速度: 0.01 km/h | 航向: 77.52°
[2026-03-08 09:27:13] [WARNING] [sensors.gnss.mock_reader] -  [Mock模式] 文件已读完，重新循环播放数据...
[2026-03-08 09:27:14] [INFO] [core.nav_controller] - [定位输出] 高德坐标: (8.565254, 47.285240) | 速度: 0.01 km/h | 航向: 77.52°
[2026-03-08 09:27:15] [WARNING] [sensors.gnss.mock_reader] -  [Mock模式] 文件已读完，重新循环播放数据...
[2026-03-08 09:27:16] [INFO] [core.nav_controller] - [定位输出] 高德坐标: (8.565254, 47.285240) | 速度: 0.01 km/h | 航向: 77.52°
[2026-03-08 09:27:17] [WARNING] [Main] - 手动退出
[2026-03-08 09:27:17] [INFO] [sensors.gnss.mock_reader] - [Mock模式] 虚拟串口已关闭
[2026-03-08 09:27:17] [INFO] [core.nav_controller] - 控制器已安全释放资源
[2026-03-08 09:54:43] [WARNING] [config.config_loader] - 正在使用 YAML 中的明文 API Key, 建议改用环境变量配置。
[2026-03-08 09:54:43] [INFO] [config.config_loader] - 系统配置文件加载成功
[2026-03-08 09:54:43] [WARNING] [services.amap_provider] - 高德 API 返回错误: INVALID_USER_KEY
[2026-03-08 09:54:43] [WARNING] [services.amap_provider] - 路径规划失败: INVALID_USER_KEY
[2026-03-08 09:56:40] [INFO] [config.config_loader] - 已安全从环境变量加载高德地图 API Key
[2026-03-08 09:56:40] [INFO] [config.config_loader] - 系统配置文件加载成功
[2026-03-08 10:01:44] [INFO] [Main] - 导航模块启动中...
[2026-03-08 10:01:44] [INFO] [core.nav_controller] - 正在初始化核心控制器...
[2026-03-08 10:01:44] [INFO] [sensors.gnss.mock_reader] - [Mock模式] 成功加载回放数据: nmea_sample.txt，共 11 行
[2026-03-08 10:01:44] [INFO] [config.config_loader] - 已安全从环境变量加载高德地图 API Key
[2026-03-08 10:01:44] [INFO] [config.config_loader] - 系统配置文件加载成功
[2026-03-08 10:01:44] [INFO] [config.config_loader] - 已安全从环境变量加载高德地图 API Key
[2026-03-08 10:01:44] [INFO] [config.config_loader] - 系统配置文件加载成功
[2026-03-08 10:01:44] [INFO] [core.nav_controller] - 主循环已启动，开始守护盲人出行！
[2026-03-08 10:01:44] [INFO] [algo.fusion.linear_kalman] - 卡尔曼滤波器已初始化: 投影原点 (8.565254, 47.285240)
[2026-03-08 10:01:44] [INFO] [core.nav_controller] - 开始向高德云端请求路径规划...
[2026-03-08 10:01:44] [WARNING] [services.amap_provider] - 路径规划失败: INSUFFICIENT_ABROAD_PRIVILEGES
[2026-03-08 10:01:44] [ERROR] [core.nav_controller] - 路径规划失败，请检查网络！
[2026-03-08 10:01:47] [WARNING] [sensors.gnss.mock_reader] -  [Mock模式] 文件已读完，重新循环播放数据...
[2026-03-08 10:01:48] [INFO] [core.nav_controller] - 开始向高德云端请求路径规划...
[2026-03-08 10:01:49] [WARNING] [services.amap_provider] - 路径规划失败: INSUFFICIENT_ABROAD_PRIVILEGES
[2026-03-08 10:01:49] [ERROR] [core.nav_controller] - 路径规划失败，请检查网络！
[2026-03-08 10:01:52] [WARNING] [sensors.gnss.mock_reader] -  [Mock模式] 文件已读完，重新循环播放数据...
[2026-03-08 10:01:53] [INFO] [core.nav_controller] - 开始向高德云端请求路径规划...
[2026-03-08 10:01:53] [WARNING] [services.amap_provider] - 路径规划失败: INSUFFICIENT_ABROAD_PRIVILEGES
[2026-03-08 10:01:53] [ERROR] [core.nav_controller] - 路径规划失败，请检查网络！
[2026-03-08 10:01:57] [WARNING] [sensors.gnss.mock_reader] -  [Mock模式] 文件已读完，重新循环播放数据...
[2026-03-08 10:01:58] [INFO] [core.nav_controller] - 开始向高德云端请求路径规划...
[2026-03-08 10:01:58] [WARNING] [services.amap_provider] - 路径规划失败: INSUFFICIENT_ABROAD_PRIVILEGES
[2026-03-08 10:01:58] [ERROR] [core.nav_controller] - 路径规划失败，请检查网络！
[2026-03-08 10:02:01] [WARNING] [sensors.gnss.mock_reader] -  [Mock模式] 文件已读完，重新循环播放数据...
[2026-03-08 10:02:02] [INFO] [core.nav_controller] - 开始向高德云端请求路径规划...
[2026-03-08 10:02:02] [WARNING] [services.amap_provider] - 路径规划失败: INSUFFICIENT_ABROAD_PRIVILEGES
[2026-03-08 10:02:02] [ERROR] [core.nav_controller] - 路径规划失败，请检查网络！
[2026-03-08 10:02:06] [WARNING] [sensors.gnss.mock_reader] -  [Mock模式] 文件已读完，重新循环播放数据...
[2026-03-08 10:02:07] [INFO] [core.nav_controller] - 开始向高德云端请求路径规划...
[2026-03-08 10:02:07] [WARNING] [services.amap_provider] - 路径规划失败: INSUFFICIENT_ABROAD_PRIVILEGES
[2026-03-08 10:02:07] [ERROR] [core.nav_controller] - 路径规划失败，请检查网络！
[2026-03-08 10:02:10] [WARNING] [sensors.gnss.mock_reader] -  [Mock模式] 文件已读完，重新循环播放数据...
[2026-03-08 10:02:11] [INFO] [core.nav_controller] - 开始向高德云端请求路径规划...
[2026-03-08 10:02:11] [WARNING] [services.amap_provider] - 路径规划失败: INSUFFICIENT_ABROAD_PRIVILEGES
[2026-03-08 10:02:11] [ERROR] [core.nav_controller] - 路径规划失败，请检查网络！
[2026-03-08 10:02:14] [WARNING] [sensors.gnss.mock_reader] -  [Mock模式] 文件已读完，重新循环播放数据...
[2026-03-08 10:02:16] [INFO] [core.nav_controller] - 开始向高德云端请求路径规划...
[2026-03-08 10:02:16] [WARNING] [services.amap_provider] - 路径规划失败: INSUFFICIENT_ABROAD_PRIVILEGES
[2026-03-08 10:02:16] [ERROR] [core.nav_controller] - 路径规划失败，请检查网络！
[2026-03-08 10:02:19] [WARNING] [sensors.gnss.mock_reader] -  [Mock模式] 文件已读完，重新循环播放数据...
[2026-03-08 10:02:20] [INFO] [core.nav_controller] - 开始向高德云端请求路径规划...
[2026-03-08 10:02:20] [WARNING] [services.amap_provider] - 路径规划失败: INSUFFICIENT_ABROAD_PRIVILEGES
[2026-03-08 10:02:20] [ERROR] [core.nav_controller] - 路径规划失败，请检查网络！
[2026-03-08 10:02:23] [WARNING] [sensors.gnss.mock_reader] -  [Mock模式] 文件已读完，重新循环播放数据...
[2026-03-08 10:02:25] [INFO] [core.nav_controller] - 开始向高德云端请求路径规划...
[2026-03-08 10:02:25] [WARNING] [services.amap_provider] - 路径规划失败: INSUFFICIENT_ABROAD_PRIVILEGES
[2026-03-08 10:02:25] [ERROR] [core.nav_controller] - 路径规划失败，请检查网络！
[2026-03-08 10:02:28] [WARNING] [sensors.gnss.mock_reader] -  [Mock模式] 文件已读完，重新循环播放数据...
[2026-03-08 10:02:29] [INFO] [core.nav_controller] - 开始向高德云端请求路径规划...
[2026-03-08 10:02:29] [WARNING] [services.amap_provider] - 路径规划失败: INSUFFICIENT_ABROAD_PRIVILEGES
[2026-03-08 10:02:29] [ERROR] [core.nav_controller] - 路径规划失败，请检查网络！
[2026-03-08 10:02:33] [WARNING] [sensors.gnss.mock_reader] -  [Mock模式] 文件已读完，重新循环播放数据...
[2026-03-08 10:02:34] [INFO] [core.nav_controller] - 开始向高德云端请求路径规划...
[2026-03-08 10:02:34] [WARNING] [services.amap_provider] - 路径规划失败: INSUFFICIENT_ABROAD_PRIVILEGES
[2026-03-08 10:02:34] [ERROR] [core.nav_controller] - 路径规划失败，请检查网络！
[2026-03-08 10:02:37] [WARNING] [sensors.gnss.mock_reader] -  [Mock模式] 文件已读完，重新循环播放数据...
[2026-03-08 10:02:38] [INFO] [core.nav_controller] - 开始向高德云端请求路径规划...
[2026-03-08 10:02:38] [WARNING] [services.amap_provider] - 路径规划失败: INSUFFICIENT_ABROAD_PRIVILEGES
[2026-03-08 10:02:38] [ERROR] [core.nav_controller] - 路径规划失败，请检查网络！
[2026-03-08 10:02:42] [WARNING] [sensors.gnss.mock_reader] -  [Mock模式] 文件已读完，重新循环播放数据...
[2026-03-08 10:02:43] [INFO] [core.nav_controller] - 开始向高德云端请求路径规划...
[2026-03-08 10:02:43] [WARNING] [services.amap_provider] - 路径规划失败: INSUFFICIENT_ABROAD_PRIVILEGES
[2026-03-08 10:02:43] [ERROR] [core.nav_controller] - 路径规划失败，请检查网络！
[2026-03-08 10:02:46] [WARNING] [sensors.gnss.mock_reader] -  [Mock模式] 文件已读完，重新循环播放数据...
[2026-03-08 10:02:47] [INFO] [core.nav_controller] - 开始向高德云端请求路径规划...
[2026-03-08 10:02:48] [WARNING] [services.amap_provider] - 路径规划失败: INSUFFICIENT_ABROAD_PRIVILEGES
[2026-03-08 10:02:48] [ERROR] [core.nav_controller] - 路径规划失败，请检查网络！
[2026-03-08 10:02:51] [WARNING] [sensors.gnss.mock_reader] -  [Mock模式] 文件已读完，重新循环播放数据...
[2026-03-08 10:02:52] [INFO] [core.nav_controller] - 开始向高德云端请求路径规划...
[2026-03-08 10:02:52] [WARNING] [services.amap_provider] - 路径规划失败: INSUFFICIENT_ABROAD_PRIVILEGES
[2026-03-08 10:02:52] [ERROR] [core.nav_controller] - 路径规划失败，请检查网络！
[2026-03-08 10:02:55] [WARNING] [sensors.gnss.mock_reader] -  [Mock模式] 文件已读完，重新循环播放数据...
[2026-03-08 10:02:56] [INFO] [core.nav_controller] - 开始向高德云端请求路径规划...
[2026-03-08 10:02:57] [WARNING] [services.amap_provider] - 路径规划失败: INSUFFICIENT_ABROAD_PRIVILEGES
[2026-03-08 10:02:57] [ERROR] [core.nav_controller] - 路径规划失败，请检查网络！
[2026-03-08 10:03:00] [WARNING] [sensors.gnss.mock_reader] -  [Mock模式] 文件已读完，重新循环播放数据...
[2026-03-08 10:03:01] [INFO] [core.nav_controller] - 开始向高德云端请求路径规划...
[2026-03-08 10:03:01] [WARNING] [services.amap_provider] - 路径规划失败: INSUFFICIENT_ABROAD_PRIVILEGES
[2026-03-08 10:03:01] [ERROR] [core.nav_controller] - 路径规划失败，请检查网络！
[2026-03-08 10:03:05] [WARNING] [sensors.gnss.mock_reader] -  [Mock模式] 文件已读完，重新循环播放数据...
[2026-03-08 10:03:06] [INFO] [core.nav_controller] - 开始向高德云端请求路径规划...
[2026-03-08 10:03:06] [WARNING] [services.amap_provider] - 路径规划失败: INSUFFICIENT_ABROAD_PRIVILEGES
[2026-03-08 10:03:06] [ERROR] [core.nav_controller] - 路径规划失败，请检查网络！
[2026-03-08 10:03:09] [WARNING] [sensors.gnss.mock_reader] -  [Mock模式] 文件已读完，重新循环播放数据...
[2026-03-08 10:03:10] [INFO] [core.nav_controller] - 开始向高德云端请求路径规划...
[2026-03-08 10:03:10] [WARNING] [services.amap_provider] - 路径规划失败: INSUFFICIENT_ABROAD_PRIVILEGES
[2026-03-08 10:03:10] [ERROR] [core.nav_controller] - 路径规划失败，请检查网络！
[2026-03-08 10:03:14] [WARNING] [sensors.gnss.mock_reader] -  [Mock模式] 文件已读完，重新循环播放数据...
[2026-03-08 10:03:15] [INFO] [core.nav_controller] - 开始向高德云端请求路径规划...
[2026-03-08 10:03:15] [WARNING] [services.amap_provider] - 路径规划失败: INSUFFICIENT_ABROAD_PRIVILEGES
[2026-03-08 10:03:15] [ERROR] [core.nav_controller] - 路径规划失败，请检查网络！
[2026-03-08 10:03:18] [WARNING] [sensors.gnss.mock_reader] -  [Mock模式] 文件已读完，重新循环播放数据...
[2026-03-08 10:03:19] [INFO] [core.nav_controller] - 开始向高德云端请求路径规划...
[2026-03-08 10:03:19] [WARNING] [services.amap_provider] - 路径规划失败: INSUFFICIENT_ABROAD_PRIVILEGES
[2026-03-08 10:03:19] [ERROR] [core.nav_controller] - 路径规划失败，请检查网络！
[2026-03-08 10:03:23] [WARNING] [sensors.gnss.mock_reader] -  [Mock模式] 文件已读完，重新循环播放数据...
[2026-03-08 10:03:24] [INFO] [core.nav_controller] - 开始向高德云端请求路径规划...
[2026-03-08 10:03:24] [WARNING] [services.amap_provider] - 路径规划失败: INSUFFICIENT_ABROAD_PRIVILEGES
[2026-03-08 10:03:24] [ERROR] [core.nav_controller] - 路径规划失败，请检查网络！
[2026-03-08 10:03:27] [WARNING] [sensors.gnss.mock_reader] -  [Mock模式] 文件已读完，重新循环播放数据...
[2026-03-08 10:03:28] [INFO] [core.nav_controller] - 开始向高德云端请求路径规划...
[2026-03-08 10:03:28] [WARNING] [services.amap_provider] - 路径规划失败: INSUFFICIENT_ABROAD_PRIVILEGES
[2026-03-08 10:03:28] [ERROR] [core.nav_controller] - 路径规划失败，请检查网络！
[2026-03-08 10:03:32] [WARNING] [sensors.gnss.mock_reader] -  [Mock模式] 文件已读完，重新循环播放数据...
[2026-03-08 10:03:33] [INFO] [core.nav_controller] - 开始向高德云端请求路径规划...
[2026-03-08 10:03:33] [WARNING] [services.amap_provider] - 路径规划失败: INSUFFICIENT_ABROAD_PRIVILEGES
[2026-03-08 10:03:33] [ERROR] [core.nav_controller] - 路径规划失败，请检查网络！
[2026-03-08 10:03:36] [WARNING] [sensors.gnss.mock_reader] -  [Mock模式] 文件已读完，重新循环播放数据...
[2026-03-08 10:03:37] [INFO] [core.nav_controller] - 开始向高德云端请求路径规划...
[2026-03-08 10:03:37] [WARNING] [services.amap_provider] - 路径规划失败: INSUFFICIENT_ABROAD_PRIVILEGES
[2026-03-08 10:03:37] [ERROR] [core.nav_controller] - 路径规划失败，请检查网络！
[2026-03-08 10:03:41] [WARNING] [sensors.gnss.mock_reader] -  [Mock模式] 文件已读完，重新循环播放数据...
[2026-03-08 10:03:42] [INFO] [core.nav_controller] - 开始向高德云端请求路径规划...
[2026-03-08 10:03:42] [WARNING] [services.amap_provider] - 路径规划失败: INSUFFICIENT_ABROAD_PRIVILEGES
[2026-03-08 10:03:42] [ERROR] [core.nav_controller] - 路径规划失败，请检查网络！
[2026-03-08 10:03:45] [WARNING] [sensors.gnss.mock_reader] -  [Mock模式] 文件已读完，重新循环播放数据...
[2026-03-08 10:03:46] [INFO] [core.nav_controller] - 开始向高德云端请求路径规划...
[2026-03-08 10:03:47] [WARNING] [services.amap_provider] - 路径规划失败: INSUFFICIENT_ABROAD_PRIVILEGES
[2026-03-08 10:03:47] [ERROR] [core.nav_controller] - 路径规划失败，请检查网络！
[2026-03-08 10:03:50] [WARNING] [sensors.gnss.mock_reader] -  [Mock模式] 文件已读完，重新循环播放数据...
[2026-03-08 10:03:51] [INFO] [core.nav_controller] - 开始向高德云端请求路径规划...
[2026-03-08 10:03:51] [WARNING] [services.amap_provider] - 路径规划失败: INSUFFICIENT_ABROAD_PRIVILEGES
[2026-03-08 10:03:51] [ERROR] [core.nav_controller] - 路径规划失败，请检查网络！
[2026-03-08 10:03:54] [WARNING] [sensors.gnss.mock_reader] -  [Mock模式] 文件已读完，重新循环播放数据...
[2026-03-08 10:03:55] [INFO] [core.nav_controller] - 开始向高德云端请求路径规划...
[2026-03-08 10:03:56] [WARNING] [services.amap_provider] - 路径规划失败: INSUFFICIENT_ABROAD_PRIVILEGES
[2026-03-08 10:03:56] [ERROR] [core.nav_controller] - 路径规划失败，请检查网络！
[2026-03-08 10:03:59] [WARNING] [sensors.gnss.mock_reader] -  [Mock模式] 文件已读完，重新循环播放数据...
[2026-03-08 10:04:00] [INFO] [core.nav_controller] - 开始向高德云端请求路径规划...
[2026-03-08 10:04:00] [WARNING] [services.amap_provider] - 路径规划失败: INSUFFICIENT_ABROAD_PRIVILEGES
[2026-03-08 10:04:00] [ERROR] [core.nav_controller] - 路径规划失败，请检查网络！
[2026-03-08 10:04:03] [WARNING] [sensors.gnss.mock_reader] -  [Mock模式] 文件已读完，重新循环播放数据...
[2026-03-08 10:04:04] [INFO] [core.nav_controller] - 开始向高德云端请求路径规划...
[2026-03-08 10:04:05] [WARNING] [services.amap_provider] - 路径规划失败: INSUFFICIENT_ABROAD_PRIVILEGES
[2026-03-08 10:04:05] [ERROR] [core.nav_controller] - 路径规划失败，请检查网络！
[2026-03-08 10:04:08] [WARNING] [sensors.gnss.mock_reader] -  [Mock模式] 文件已读完，重新循环播放数据...
[2026-03-08 10:04:09] [INFO] [core.nav_controller] - 开始向高德云端请求路径规划...
[2026-03-08 10:04:09] [WARNING] [services.amap_provider] - 路径规划失败: INSUFFICIENT_ABROAD_PRIVILEGES
[2026-03-08 10:04:09] [ERROR] [core.nav_controller] - 路径规划失败，请检查网络！
[2026-03-08 10:04:12] [WARNING] [sensors.gnss.mock_reader] -  [Mock模式] 文件已读完，重新循环播放数据...
[2026-03-08 10:04:13] [INFO] [core.nav_controller] - 开始向高德云端请求路径规划...
[2026-03-08 10:04:14] [WARNING] [services.amap_provider] - 路径规划失败: INSUFFICIENT_ABROAD_PRIVILEGES
[2026-03-08 10:04:14] [ERROR] [core.nav_controller] - 路径规划失败，请检查网络！
[2026-03-08 10:04:17] [WARNING] [sensors.gnss.mock_reader] -  [Mock模式] 文件已读完，重新循环播放数据...
[2026-03-08 10:04:18] [INFO] [core.nav_controller] - 开始向高德云端请求路径规划...
[2026-03-08 10:04:18] [WARNING] [services.amap_provider] - 路径规划失败: INSUFFICIENT_ABROAD_PRIVILEGES
[2026-03-08 10:04:18] [ERROR] [core.nav_controller] - 路径规划失败，请检查网络！
[2026-03-08 10:04:21] [WARNING] [sensors.gnss.mock_reader] -  [Mock模式] 文件已读完，重新循环播放数据...
[2026-03-08 10:04:23] [INFO] [core.nav_controller] - 开始向高德云端请求路径规划...
[2026-03-08 10:04:23] [WARNING] [services.amap_provider] - 路径规划失败: INSUFFICIENT_ABROAD_PRIVILEGES
[2026-03-08 10:04:23] [ERROR] [core.nav_controller] - 路径规划失败，请检查网络！
[2026-03-08 10:04:26] [WARNING] [sensors.gnss.mock_reader] -  [Mock模式] 文件已读完，重新循环播放数据...
[2026-03-08 10:04:27] [INFO] [core.nav_controller] - 开始向高德云端请求路径规划...
[2026-03-08 10:04:28] [WARNING] [services.amap_provider] - 路径规划失败: INSUFFICIENT_ABROAD_PRIVILEGES
[2026-03-08 10:04:28] [ERROR] [core.nav_controller] - 路径规划失败，请检查网络！
[2026-03-08 10:04:31] [WARNING] [sensors.gnss.mock_reader] -  [Mock模式] 文件已读完，重新循环播放数据...
[2026-03-08 10:04:32] [INFO] [core.nav_controller] - 开始向高德云端请求路径规划...
[2026-03-08 10:04:32] [WARNING] [services.amap_provider] - 路径规划失败: INSUFFICIENT_ABROAD_PRIVILEGES
[2026-03-08 10:04:32] [ERROR] [core.nav_controller] - 路径规划失败，请检查网络！
[2026-03-08 10:04:35] [WARNING] [sensors.gnss.mock_reader] -  [Mock模式] 文件已读完，重新循环播放数据...
[2026-03-08 10:04:36] [INFO] [core.nav_controller] - 开始向高德云端请求路径规划...
[2026-03-08 10:04:37] [WARNING] [services.amap_provider] - 路径规划失败: INSUFFICIENT_ABROAD_PRIVILEGES
[2026-03-08 10:04:37] [ERROR] [core.nav_controller] - 路径规划失败，请检查网络！
[2026-03-08 10:04:40] [WARNING] [sensors.gnss.mock_reader] -  [Mock模式] 文件已读完，重新循环播放数据...
[2026-03-08 10:04:41] [INFO] [core.nav_controller] - 开始向高德云端请求路径规划...
[2026-03-08 10:04:41] [WARNING] [services.amap_provider] - 路径规划失败: INSUFFICIENT_ABROAD_PRIVILEGES
[2026-03-08 10:04:41] [ERROR] [core.nav_controller] - 路径规划失败，请检查网络！
[2026-03-08 10:04:45] [WARNING] [sensors.gnss.mock_reader] -  [Mock模式] 文件已读完，重新循环播放数据...
[2026-03-08 10:04:46] [INFO] [core.nav_controller] - 开始向高德云端请求路径规划...
[2026-03-08 10:04:46] [WARNING] [services.amap_provider] - 路径规划失败: INSUFFICIENT_ABROAD_PRIVILEGES
[2026-03-08 10:04:46] [ERROR] [core.nav_controller] - 路径规划失败，请检查网络！
[2026-03-08 10:04:49] [WARNING] [sensors.gnss.mock_reader] -  [Mock模式] 文件已读完，重新循环播放数据...
[2026-03-08 10:04:50] [INFO] [core.nav_controller] - 开始向高德云端请求路径规划...
[2026-03-08 10:04:51] [WARNING] [services.amap_provider] - 路径规划失败: INSUFFICIENT_ABROAD_PRIVILEGES
[2026-03-08 10:04:51] [ERROR] [core.nav_controller] - 路径规划失败，请检查网络！
[2026-03-08 10:04:54] [WARNING] [sensors.gnss.mock_reader] -  [Mock模式] 文件已读完，重新循环播放数据...
[2026-03-08 10:04:55] [INFO] [core.nav_controller] - 开始向高德云端请求路径规划...
[2026-03-08 10:04:55] [WARNING] [services.amap_provider] - 路径规划失败: INSUFFICIENT_ABROAD_PRIVILEGES
[2026-03-08 10:04:55] [ERROR] [core.nav_controller] - 路径规划失败，请检查网络！
[2026-03-08 10:04:58] [WARNING] [sensors.gnss.mock_reader] -  [Mock模式] 文件已读完，重新循环播放数据...
[2026-03-08 10:04:59] [INFO] [core.nav_controller] - 开始向高德云端请求路径规划...
[2026-03-08 10:05:00] [WARNING] [services.amap_provider] - 路径规划失败: INSUFFICIENT_ABROAD_PRIVILEGES
[2026-03-08 10:05:00] [ERROR] [core.nav_controller] - 路径规划失败，请检查网络！
[2026-03-08 10:05:03] [WARNING] [sensors.gnss.mock_reader] -  [Mock模式] 文件已读完，重新循环播放数据...
[2026-03-08 10:05:04] [INFO] [core.nav_controller] - 开始向高德云端请求路径规划...
[2026-03-08 10:05:04] [WARNING] [services.amap_provider] - 路径规划失败: INSUFFICIENT_ABROAD_PRIVILEGES
[2026-03-08 10:05:04] [ERROR] [core.nav_controller] - 路径规划失败，请检查网络！
[2026-03-08 10:05:08] [WARNING] [sensors.gnss.mock_reader] -  [Mock模式] 文件已读完，重新循环播放数据...
[2026-03-08 10:05:09] [INFO] [core.nav_controller] - 开始向高德云端请求路径规划...
[2026-03-08 10:05:09] [WARNING] [services.amap_provider] - 路径规划失败: INSUFFICIENT_ABROAD_PRIVILEGES
[2026-03-08 10:05:09] [ERROR] [core.nav_controller] - 路径规划失败，请检查网络！
[2026-03-08 10:05:12] [WARNING] [sensors.gnss.mock_reader] -  [Mock模式] 文件已读完，重新循环播放数据...
[2026-03-08 10:05:13] [INFO] [core.nav_controller] - 开始向高德云端请求路径规划...
[2026-03-08 10:05:14] [WARNING] [services.amap_provider] - 路径规划失败: INSUFFICIENT_ABROAD_PRIVILEGES
[2026-03-08 10:05:14] [ERROR] [core.nav_controller] - 路径规划失败，请检查网络！
[2026-03-08 10:05:17] [WARNING] [sensors.gnss.mock_reader] -  [Mock模式] 文件已读完，重新循环播放数据...
[2026-03-08 10:05:18] [INFO] [core.nav_controller] - 开始向高德云端请求路径规划...
[2026-03-08 10:05:18] [WARNING] [services.amap_provider] - 路径规划失败: INSUFFICIENT_ABROAD_PRIVILEGES
[2026-03-08 10:05:18] [ERROR] [core.nav_controller] - 路径规划失败，请检查网络！
[2026-03-08 10:05:21] [WARNING] [sensors.gnss.mock_reader] -  [Mock模式] 文件已读完，重新循环播放数据...
[2026-03-08 10:05:22] [WARNING] [Main] - 手动退出
[2026-03-08 10:05:22] [INFO] [sensors.gnss.mock_reader] - [Mock模式] 虚拟串口已关闭
[2026-03-08 10:05:22] [INFO] [core.nav_controller] - 控制器已安全释放资源。
[2026-03-08 10:14:28] [INFO] [Main] - 导航模块启动中...
[2026-03-08 10:14:28] [INFO] [core.nav_controller] - 正在初始化核心控制器...
[2026-03-08 10:14:28] [INFO] [sensors.gnss.mock_reader] - [Mock模式] 成功加载回放数据: nmea_sample.txt，共 3 行
[2026-03-08 10:14:28] [INFO] [config.config_loader] - 已安全从环境变量加载高德地图 API Key
[2026-03-08 10:14:28] [INFO] [config.config_loader] - 系统配置文件加载成功
[2026-03-08 10:14:28] [INFO] [config.config_loader] - 已安全从环境变量加载高德地图 API Key
[2026-03-08 10:14:28] [INFO] [config.config_loader] - 系统配置文件加载成功
[2026-03-08 10:14:28] [INFO] [core.nav_controller] - 主循环已启动，开始守护盲人出行！
[2026-03-08 10:14:28] [INFO] [algo.fusion.linear_kalman] - 卡尔曼滤波器已初始化: 投影原点 (118.806228, 31.974347)
[2026-03-08 10:14:28] [INFO] [core.nav_controller] - 开始向高德云端请求路径规划...
[2026-03-08 10:14:28] [WARNING] [services.amap_provider] - 路径规划失败: OUT_OF_SERVICE
[2026-03-08 10:14:28] [ERROR] [core.nav_controller] - 路径规划失败，请检查网络！
[2026-03-08 10:14:30] [WARNING] [sensors.gnss.mock_reader] -  [Mock模式] 文件已读完，重新循环播放数据...
[2026-03-08 10:14:31] [INFO] [core.nav_controller] - 开始向高德云端请求路径规划...
[2026-03-08 10:14:32] [WARNING] [services.amap_provider] - 路径规划失败: OUT_OF_SERVICE
[2026-03-08 10:14:32] [ERROR] [core.nav_controller] - 路径规划失败，请检查网络！
[2026-03-08 10:14:34] [WARNING] [sensors.gnss.mock_reader] -  [Mock模式] 文件已读完，重新循环播放数据...
[2026-03-08 10:14:35] [INFO] [core.nav_controller] - 开始向高德云端请求路径规划...
[2026-03-08 10:14:35] [WARNING] [services.amap_provider] - 路径规划失败: OUT_OF_SERVICE
[2026-03-08 10:14:35] [ERROR] [core.nav_controller] - 路径规划失败，请检查网络！
[2026-03-08 10:14:37] [WARNING] [sensors.gnss.mock_reader] -  [Mock模式] 文件已读完，重新循环播放数据...
[2026-03-08 10:14:38] [WARNING] [Main] - 手动退出
[2026-03-08 10:14:38] [INFO] [sensors.gnss.mock_reader] - [Mock模式] 虚拟串口已关闭
[2026-03-08 10:14:38] [INFO] [core.nav_controller] - 控制器已安全释放资源。
[2026-03-08 10:37:48] [INFO] [Main] - 导航模块启动中...
[2026-03-08 10:37:48] [INFO] [core.nav_controller] - 正在初始化核心控制器...
[2026-03-08 10:37:48] [INFO] [sensors.gnss.mock_reader] - [Mock模式] 成功加载回放数据: nmea_sample.txt，共 3 行
[2026-03-08 10:37:48] [INFO] [config.config_loader] - 已安全从环境变量加载高德地图 API Key
[2026-03-08 10:37:48] [INFO] [config.config_loader] - 系统配置文件加载成功
[2026-03-08 10:37:48] [INFO] [config.config_loader] - 已安全从环境变量加载高德地图 API Key
[2026-03-08 10:37:48] [INFO] [config.config_loader] - 系统配置文件加载成功
[2026-03-08 10:37:48] [INFO] [core.nav_controller] - 主循环已启动，开始守护盲人出行！
[2026-03-08 10:37:48] [INFO] [algo.fusion.linear_kalman] - 卡尔曼滤波器已初始化: 投影原点 (118.806228, 31.974347)
[2026-03-08 10:37:48] [INFO] [core.nav_controller] - 开始向高德云端请求路径规划...
[2026-03-08 10:37:48] [WARNING] [services.amap_provider] - 路径规划失败: OUT_OF_SERVICE
[2026-03-08 10:37:48] [ERROR] [core.nav_controller] - 路径规划失败，请检查网络！
[2026-03-08 10:37:50] [WARNING] [sensors.gnss.mock_reader] -  [Mock模式] 文件已读完，重新循环播放数据...
[2026-03-08 10:37:52] [INFO] [core.nav_controller] - 开始向高德云端请求路径规划...
[2026-03-08 10:37:52] [WARNING] [services.amap_provider] - 路径规划失败: OUT_OF_SERVICE
[2026-03-08 10:37:52] [ERROR] [core.nav_controller] - 路径规划失败，请检查网络！
[2026-03-08 10:37:53] [WARNING] [Main] - 手动退出
[2026-03-08 10:37:53] [INFO] [sensors.gnss.mock_reader] - [Mock模式] 虚拟串口已关闭
[2026-03-08 10:37:53] [INFO] [core.nav_controller] - 控制器已安全释放资源。
[2026-03-08 10:40:28] [INFO] [Main] - 导航模块启动中...
[2026-03-08 10:40:28] [INFO] [core.nav_controller] - 正在初始化核心控制器...
[2026-03-08 10:40:28] [INFO] [sensors.gnss.mock_reader] - [Mock模式] 成功加载回放数据: nmea_sample.txt，共 3 行
[2026-03-08 10:40:28] [INFO] [config.config_loader] - 已安全从环境变量加载高德地图 API Key
[2026-03-08 10:40:28] [INFO] [config.config_loader] - 系统配置文件加载成功
[2026-03-08 10:40:28] [INFO] [config.config_loader] - 已安全从环境变量加载高德地图 API Key
[2026-03-08 10:40:28] [INFO] [config.config_loader] - 系统配置文件加载成功
[2026-03-08 10:40:28] [INFO] [core.nav_controller] - 主循环已启动，开始守护盲人出行！
[2026-03-08 10:40:28] [INFO] [algo.fusion.linear_kalman] - 卡尔曼滤波器已初始化: 投影原点 (118.806228, 31.974347)
[2026-03-08 10:40:28] [INFO] [core.nav_controller] - 开始向高德云端请求路径规划...
[2026-03-08 10:40:28] [INFO] [core.nav_controller] - 路线获取成功！总距离 13 米。
[2026-03-08 10:40:28] [INFO] [core.nav_controller] - 第一步指引: 沿双龙大道辅路向西北步行13米到达目的地
[2026-03-08 10:40:28] [INFO] [core.nav_controller] - 当前坐标: (118.811387, 31.972276) | 距目的地还有: 52.6 米
[2026-03-08 10:40:28] [INFO] [core.nav_controller] - 当前坐标: (118.811384, 31.972279) | 距目的地还有: 52.5 米
[2026-03-08 10:40:29] [INFO] [core.nav_controller] - 当前坐标: (118.811378, 31.972284) | 距目的地还有: 52.4 米
[2026-03-08 10:40:29] [WARNING] [sensors.gnss.mock_reader] -  [Mock模式] 文件已读完，重新循环播放数据...
[2026-03-08 10:40:30] [INFO] [core.nav_controller] - 当前坐标: (118.811379, 31.972283) | 距目的地还有: 52.4 米
[2026-03-08 10:40:30] [INFO] [core.nav_controller] - 当前坐标: (118.811378, 31.972284) | 距目的地还有: 52.4 米
[2026-03-08 10:40:30] [INFO] [core.nav_controller] - 当前坐标: (118.811375, 31.972288) | 距目的地还有: 52.3 米
[2026-03-08 10:40:30] [WARNING] [sensors.gnss.mock_reader] -  [Mock模式] 文件已读完，重新循环播放数据...
[2026-03-08 10:40:31] [INFO] [core.nav_controller] - 当前坐标: (118.811376, 31.972286) | 距目的地还有: 52.4 米
[2026-03-08 10:40:31] [INFO] [core.nav_controller] - 当前坐标: (118.811375, 31.972287) | 距目的地还有: 52.3 米
[2026-03-08 10:40:31] [INFO] [core.nav_controller] - 当前坐标: (118.811373, 31.972289) | 距目的地还有: 52.3 米
[2026-03-08 10:40:31] [WARNING] [sensors.gnss.mock_reader] -  [Mock模式] 文件已读完，重新循环播放数据...
[2026-03-08 10:40:32] [INFO] [core.nav_controller] - 当前坐标: (118.811374, 31.972288) | 距目的地还有: 52.3 米
[2026-03-08 10:40:32] [INFO] [core.nav_controller] - 当前坐标: (118.811374, 31.972289) | 距目的地还有: 52.3 米
[2026-03-08 10:40:33] [INFO] [core.nav_controller] - 当前坐标: (118.811372, 31.972291) | 距目的地还有: 52.3 米
[2026-03-08 10:40:33] [WARNING] [sensors.gnss.mock_reader] -  [Mock模式] 文件已读完，重新循环播放数据...
[2026-03-08 10:40:34] [INFO] [core.nav_controller] - 当前坐标: (118.811373, 31.972290) | 距目的地还有: 52.3 米
[2026-03-08 10:40:34] [INFO] [core.nav_controller] - 当前坐标: (118.811373, 31.972290) | 距目的地还有: 52.3 米
[2026-03-08 10:40:34] [INFO] [core.nav_controller] - 当前坐标: (118.811371, 31.972291) | 距目的地还有: 52.3 米
[2026-03-08 10:40:34] [WARNING] [sensors.gnss.mock_reader] -  [Mock模式] 文件已读完，重新循环播放数据...
[2026-03-08 10:40:35] [INFO] [core.nav_controller] - 当前坐标: (118.811372, 31.972291) | 距目的地还有: 52.3 米
[2026-03-08 10:40:35] [INFO] [core.nav_controller] - 当前坐标: (118.811372, 31.972291) | 距目的地还有: 52.3 米
[2026-03-08 10:40:35] [INFO] [core.nav_controller] - 当前坐标: (118.811371, 31.972292) | 距目的地还有: 52.3 米
[2026-03-08 10:40:35] [WARNING] [sensors.gnss.mock_reader] -  [Mock模式] 文件已读完，重新循环播放数据...
[2026-03-08 10:40:36] [INFO] [core.nav_controller] - 当前坐标: (118.811371, 31.972291) | 距目的地还有: 52.3 米
[2026-03-08 10:40:36] [INFO] [core.nav_controller] - 当前坐标: (118.811371, 31.972291) | 距目的地还有: 52.3 米
[2026-03-08 10:40:37] [INFO] [core.nav_controller] - 当前坐标: (118.811370, 31.972292) | 距目的地还有: 52.3 米
[2026-03-08 10:40:37] [WARNING] [sensors.gnss.mock_reader] -  [Mock模式] 文件已读完，重新循环播放数据...
[2026-03-08 10:40:38] [INFO] [core.nav_controller] - 当前坐标: (118.811371, 31.972292) | 距目的地还有: 52.3 米
[2026-03-08 10:40:38] [INFO] [core.nav_controller] - 当前坐标: (118.811371, 31.972292) | 距目的地还有: 52.3 米
[2026-03-08 10:40:38] [INFO] [core.nav_controller] - 当前坐标: (118.811370, 31.972293) | 距目的地还有: 52.3 米
[2026-03-08 10:40:38] [WARNING] [sensors.gnss.mock_reader] -  [Mock模式] 文件已读完，重新循环播放数据...
[2026-03-08 10:40:39] [INFO] [core.nav_controller] - 当前坐标: (118.811370, 31.972292) | 距目的地还有: 52.3 米
[2026-03-08 10:40:39] [INFO] [core.nav_controller] - 当前坐标: (118.811370, 31.972292) | 距目的地还有: 52.3 米
[2026-03-08 10:40:39] [INFO] [core.nav_controller] - 当前坐标: (118.811370, 31.972293) | 距目的地还有: 52.3 米
[2026-03-08 10:40:39] [WARNING] [sensors.gnss.mock_reader] -  [Mock模式] 文件已读完，重新循环播放数据...
[2026-03-08 10:40:40] [INFO] [core.nav_controller] - 当前坐标: (118.811370, 31.972292) | 距目的地还有: 52.3 米
[2026-03-08 10:40:40] [INFO] [core.nav_controller] - 当前坐标: (118.811370, 31.972293) | 距目的地还有: 52.3 米
[2026-03-08 10:40:41] [INFO] [core.nav_controller] - 当前坐标: (118.811369, 31.972293) | 距目的地还有: 52.3 米
[2026-03-08 10:40:41] [WARNING] [sensors.gnss.mock_reader] -  [Mock模式] 文件已读完，重新循环播放数据...
[2026-03-08 10:40:42] [INFO] [core.nav_controller] - 当前坐标: (118.811370, 31.972293) | 距目的地还有: 52.3 米
[2026-03-08 10:40:42] [INFO] [core.nav_controller] - 当前坐标: (118.811370, 31.972293) | 距目的地还有: 52.3 米
[2026-03-08 10:40:42] [INFO] [core.nav_controller] - 当前坐标: (118.811369, 31.972293) | 距目的地还有: 52.3 米
[2026-03-08 10:40:42] [WARNING] [sensors.gnss.mock_reader] -  [Mock模式] 文件已读完，重新循环播放数据...
[2026-03-08 10:40:43] [INFO] [core.nav_controller] - 当前坐标: (118.811370, 31.972293) | 距目的地还有: 52.3 米
[2026-03-08 10:40:43] [INFO] [core.nav_controller] - 当前坐标: (118.811370, 31.972293) | 距目的地还有: 52.3 米
[2026-03-08 10:40:43] [INFO] [core.nav_controller] - 当前坐标: (118.811369, 31.972294) | 距目的地还有: 52.3 米
[2026-03-08 10:40:43] [WARNING] [sensors.gnss.mock_reader] -  [Mock模式] 文件已读完，重新循环播放数据...
[2026-03-08 10:40:44] [INFO] [core.nav_controller] - 当前坐标: (118.811369, 31.972293) | 距目的地还有: 52.3 米
[2026-03-08 10:40:44] [WARNING] [Main] - 手动退出
[2026-03-08 10:40:44] [INFO] [sensors.gnss.mock_reader] - [Mock模式] 虚拟串口已关闭
[2026-03-08 10:40:44] [INFO] [core.nav_controller] - 控制器已安全释放资源。
[2026-03-08 11:09:51] [INFO] [Main] - 导航模块启动中...
[2026-03-08 11:09:51] [INFO] [core.nav_controller] - 正在初始化核心控制器...
[2026-03-08 11:09:51] [INFO] [sensors.gnss.mock_reader] - [Mock模式] 成功加载回放数据: nmea_sample.txt，共 3 行
[2026-03-08 11:09:51] [INFO] [config.config_loader] - 已安全从环境变量加载高德地图 API Key
[2026-03-08 11:09:51] [INFO] [config.config_loader] - 系统配置文件加载成功
[2026-03-08 11:09:51] [INFO] [config.config_loader] - 已安全从环境变量加载高德地图 API Key
[2026-03-08 11:09:51] [INFO] [config.config_loader] - 系统配置文件加载成功
[2026-03-08 11:09:51] [INFO] [core.nav_controller] - 主循环已启动，开始守护盲人出行！
[2026-03-08 11:09:51] [INFO] [algo.fusion.linear_kalman] - 卡尔曼滤波器已初始化: 投影原点 (118.806228, 31.974347)
[2026-03-08 11:09:51] [INFO] [core.nav_controller] - 正在将语音指令 '南京南站' 转换为经纬度坐标...
[2026-03-08 11:09:52] [INFO] [core.nav_controller] - 开始向高德云端请求路径规划...
[2026-03-08 11:09:52] [INFO] [core.nav_controller] - 路线获取成功！总距离 2034 米。
[2026-03-08 11:09:52] [INFO] [core.nav_controller] - 第一步指引: 沿双龙大道辅路向东南步行154米右转
[2026-03-08 11:09:52] [INFO] [core.nav_controller] - 当前坐标: (118.811387, 31.972276) | 距目的地还有: 1384.9 米
[2026-03-08 11:09:52] [INFO] [core.nav_controller] - 当前坐标: (118.811384, 31.972279) | 距目的地还有: 1384.7 米
[2026-03-08 11:09:52] [INFO] [core.nav_controller] - 当前坐标: (118.811378, 31.972284) | 距目的地还有: 1384.2 米
[2026-03-08 11:09:52] [WARNING] [sensors.gnss.mock_reader] -  [Mock模式] 文件已读完，重新循环播放数据...
[2026-03-08 11:09:53] [INFO] [core.nav_controller] - 当前坐标: (118.811379, 31.972283) | 距目的地还有: 1384.3 米
[2026-03-08 11:09:53] [INFO] [core.nav_controller] - 当前坐标: (118.811378, 31.972284) | 距目的地还有: 1384.2 米
[2026-03-08 11:09:54] [INFO] [core.nav_controller] - 当前坐标: (118.811375, 31.972288) | 距目的地还有: 1383.9 米
[2026-03-08 11:09:54] [WARNING] [sensors.gnss.mock_reader] -  [Mock模式] 文件已读完，重新循环播放数据...
[2026-03-08 11:09:55] [INFO] [core.nav_controller] - 当前坐标: (118.811376, 31.972286) | 距目的地还有: 1384.0 米
[2026-03-08 11:09:55] [INFO] [core.nav_controller] - 当前坐标: (118.811375, 31.972287) | 距目的地还有: 1384.0 米
[2026-03-08 11:09:55] [INFO] [core.nav_controller] - 当前坐标: (118.811373, 31.972289) | 距目的地还有: 1383.8 米
[2026-03-08 11:09:55] [WARNING] [sensors.gnss.mock_reader] -  [Mock模式] 文件已读完，重新循环播放数据...
[2026-03-08 11:09:56] [INFO] [core.nav_controller] - 当前坐标: (118.811374, 31.972288) | 距目的地还有: 1383.9 米
[2026-03-08 11:09:56] [INFO] [core.nav_controller] - 当前坐标: (118.811374, 31.972289) | 距目的地还有: 1383.8 米
[2026-03-08 11:09:56] [INFO] [core.nav_controller] - 当前坐标: (118.811372, 31.972291) | 距目的地还有: 1383.7 米
[2026-03-08 11:09:56] [WARNING] [sensors.gnss.mock_reader] -  [Mock模式] 文件已读完，重新循环播放数据...
[2026-03-08 11:09:57] [INFO] [core.nav_controller] - 当前坐标: (118.811373, 31.972290) | 距目的地还有: 1383.8 米
[2026-03-08 11:09:57] [INFO] [core.nav_controller] - 当前坐标: (118.811373, 31.972290) | 距目的地还有: 1383.7 米
[2026-03-08 11:09:58] [INFO] [core.nav_controller] - 当前坐标: (118.811371, 31.972291) | 距目的地还有: 1383.6 米
[2026-03-08 11:09:58] [WARNING] [sensors.gnss.mock_reader] -  [Mock模式] 文件已读完，重新循环播放数据...
[2026-03-08 11:09:59] [INFO] [core.nav_controller] - 当前坐标: (118.811372, 31.972291) | 距目的地还有: 1383.7 米
[2026-03-08 11:09:59] [INFO] [core.nav_controller] - 当前坐标: (118.811372, 31.972291) | 距目的地还有: 1383.7 米
[2026-03-08 11:09:59] [INFO] [core.nav_controller] - 当前坐标: (118.811371, 31.972292) | 距目的地还有: 1383.6 米
[2026-03-08 11:09:59] [WARNING] [sensors.gnss.mock_reader] -  [Mock模式] 文件已读完，重新循环播放数据...
[2026-03-08 11:10:00] [INFO] [core.nav_controller] - 当前坐标: (118.811371, 31.972291) | 距目的地还有: 1383.6 米
[2026-03-08 11:10:00] [INFO] [core.nav_controller] - 当前坐标: (118.811371, 31.972291) | 距目的地还有: 1383.6 米
[2026-03-08 11:10:00] [INFO] [core.nav_controller] - 当前坐标: (118.811370, 31.972292) | 距目的地还有: 1383.6 米
[2026-03-08 11:10:00] [WARNING] [sensors.gnss.mock_reader] -  [Mock模式] 文件已读完，重新循环播放数据...
[2026-03-08 11:10:01] [INFO] [core.nav_controller] - 当前坐标: (118.811371, 31.972292) | 距目的地还有: 1383.6 米
[2026-03-08 11:10:01] [INFO] [core.nav_controller] - 当前坐标: (118.811371, 31.972292) | 距目的地还有: 1383.6 米
[2026-03-08 11:10:02] [INFO] [core.nav_controller] - 当前坐标: (118.811370, 31.972293) | 距目的地还有: 1383.5 米
[2026-03-08 11:10:02] [WARNING] [sensors.gnss.mock_reader] -  [Mock模式] 文件已读完，重新循环播放数据...
[2026-03-08 11:10:03] [INFO] [core.nav_controller] - 当前坐标: (118.811370, 31.972292) | 距目的地还有: 1383.6 米
[2026-03-08 11:10:03] [INFO] [core.nav_controller] - 当前坐标: (118.811370, 31.972292) | 距目的地还有: 1383.6 米
[2026-03-08 11:10:03] [INFO] [core.nav_controller] - 当前坐标: (118.811370, 31.972293) | 距目的地还有: 1383.5 米
[2026-03-08 11:10:03] [WARNING] [sensors.gnss.mock_reader] -  [Mock模式] 文件已读完，重新循环播放数据...
[2026-03-08 11:10:04] [INFO] [core.nav_controller] - 当前坐标: (118.811370, 31.972292) | 距目的地还有: 1383.5 米
[2026-03-08 11:10:04] [INFO] [core.nav_controller] - 当前坐标: (118.811370, 31.972293) | 距目的地还有: 1383.5 米
[2026-03-08 11:10:04] [INFO] [core.nav_controller] - 当前坐标: (118.811369, 31.972293) | 距目的地还有: 1383.5 米
[2026-03-08 11:10:04] [WARNING] [sensors.gnss.mock_reader] -  [Mock模式] 文件已读完，重新循环播放数据...
[2026-03-08 11:10:05] [INFO] [core.nav_controller] - 当前坐标: (118.811370, 31.972293) | 距目的地还有: 1383.5 米
[2026-03-08 11:10:05] [INFO] [core.nav_controller] - 当前坐标: (118.811370, 31.972293) | 距目的地还有: 1383.5 米
[2026-03-08 11:10:06] [INFO] [core.nav_controller] - 当前坐标: (118.811369, 31.972293) | 距目的地还有: 1383.5 米
[2026-03-08 11:10:06] [WARNING] [sensors.gnss.mock_reader] -  [Mock模式] 文件已读完，重新循环播放数据...
[2026-03-08 11:10:07] [INFO] [core.nav_controller] - 当前坐标: (118.811370, 31.972293) | 距目的地还有: 1383.5 米
[2026-03-08 11:10:07] [INFO] [core.nav_controller] - 当前坐标: (118.811370, 31.972293) | 距目的地还有: 1383.5 米
[2026-03-08 11:10:07] [INFO] [core.nav_controller] - 当前坐标: (118.811369, 31.972294) | 距目的地还有: 1383.5 米
[2026-03-08 11:10:07] [WARNING] [sensors.gnss.mock_reader] -  [Mock模式] 文件已读完，重新循环播放数据...
[2026-03-08 11:10:08] [INFO] [core.nav_controller] - 当前坐标: (118.811369, 31.972293) | 距目的地还有: 1383.5 米
[2026-03-08 11:10:08] [INFO] [core.nav_controller] - 当前坐标: (118.811369, 31.972293) | 距目的地还有: 1383.5 米
[2026-03-08 11:10:08] [INFO] [core.nav_controller] - 当前坐标: (118.811369, 31.972294) | 距目的地还有: 1383.4 米
[2026-03-08 11:10:08] [WARNING] [sensors.gnss.mock_reader] -  [Mock模式] 文件已读完，重新循环播放数据...
[2026-03-08 11:10:09] [INFO] [core.nav_controller] - 当前坐标: (118.811369, 31.972293) | 距目的地还有: 1383.5 米
[2026-03-08 11:10:09] [INFO] [core.nav_controller] - 当前坐标: (118.811369, 31.972293) | 距目的地还有: 1383.5 米
[2026-03-08 11:10:10] [INFO] [core.nav_controller] - 当前坐标: (118.811369, 31.972294) | 距目的地还有: 1383.4 米
[2026-03-08 11:10:10] [WARNING] [sensors.gnss.mock_reader] -  [Mock模式] 文件已读完，重新循环播放数据...
[2026-03-08 11:10:11] [WARNING] [Main] - 手动退出
[2026-03-08 11:10:11] [INFO] [sensors.gnss.mock_reader] - [Mock模式] 虚拟串口已关闭
[2026-03-08 11:10:11] [INFO] [core.nav_controller] - 控制器已安全释放资源。
